0 info it worked if it ends with ok
1 verbose cli [ 'C:\\Program Files\\nodejs\\\\node.exe',
1 verbose cli   'C:\\Program Files\\nodejs\\node_modules\\npm\\bin\\npm-cli.js',
1 verbose cli   'publish' ]
2 info using npm@1.4.28
3 info using node@v0.10.36
4 verbose node symlink C:\Program Files\nodejs\\node.exe
5 verbose publish [ '.' ]
6 verbose cache add [ '.', null ]
7 verbose cache add name=undefined spec="." args=[".",null]
8 verbose parsed url { protocol: null,
8 verbose parsed url   slashes: null,
8 verbose parsed url   auth: null,
8 verbose parsed url   host: null,
8 verbose parsed url   port: null,
8 verbose parsed url   hostname: null,
8 verbose parsed url   hash: null,
8 verbose parsed url   search: null,
8 verbose parsed url   query: null,
8 verbose parsed url   pathname: '.',
8 verbose parsed url   path: '.',
8 verbose parsed url   href: '.' }
9 silly lockFile 3a52ce78- .
10 verbose lock . C:\Users\dschnare\AppData\Roaming\npm-cache\3a52ce78-.lock
11 verbose tar pack [ 'C:\\Users\\dschnare\\AppData\\Roaming\\npm-cache\\mighty-mail\\0.3.1\\package.tgz',
11 verbose tar pack   '.' ]
12 verbose tarball C:\Users\dschnare\AppData\Roaming\npm-cache\mighty-mail\0.3.1\package.tgz
13 verbose folder .
14 info prepublish mighty-mail@0.3.1
15 silly lockFile 1f1177db-tar tar://.
16 verbose lock tar://. C:\Users\dschnare\AppData\Roaming\npm-cache\1f1177db-tar.lock
17 silly lockFile 15dfd0ec-he-mighty-mail-0-3-1-package-tgz tar://C:\Users\dschnare\AppData\Roaming\npm-cache\mighty-mail\0.3.1\package.tgz
18 verbose lock tar://C:\Users\dschnare\AppData\Roaming\npm-cache\mighty-mail\0.3.1\package.tgz C:\Users\dschnare\AppData\Roaming\npm-cache\15dfd0ec-he-mighty-mail-0-3-1-package-tgz.lock
19 silly lockFile 1f1177db-tar tar://.
20 silly lockFile 1f1177db-tar tar://.
21 silly lockFile 15dfd0ec-he-mighty-mail-0-3-1-package-tgz tar://C:\Users\dschnare\AppData\Roaming\npm-cache\mighty-mail\0.3.1\package.tgz
22 silly lockFile 15dfd0ec-he-mighty-mail-0-3-1-package-tgz tar://C:\Users\dschnare\AppData\Roaming\npm-cache\mighty-mail\0.3.1\package.tgz
23 silly lockFile 1fc2516b--cache-mighty-mail-0-3-1-package C:\Users\dschnare\AppData\Roaming\npm-cache\mighty-mail\0.3.1\package
24 verbose lock C:\Users\dschnare\AppData\Roaming\npm-cache\mighty-mail\0.3.1\package C:\Users\dschnare\AppData\Roaming\npm-cache\1fc2516b--cache-mighty-mail-0-3-1-package.lock
25 silly lockFile 1fc2516b--cache-mighty-mail-0-3-1-package C:\Users\dschnare\AppData\Roaming\npm-cache\mighty-mail\0.3.1\package
26 silly lockFile 1fc2516b--cache-mighty-mail-0-3-1-package C:\Users\dschnare\AppData\Roaming\npm-cache\mighty-mail\0.3.1\package
27 silly lockFile 3a52ce78- .
28 silly lockFile 3a52ce78- .
29 silly publish { name: 'mighty-mail',
29 silly publish   version: '0.3.1',
29 silly publish   description: 'Reactjs components for static server rendering of HTML emails.',
29 silly publish   repository: { type: 'git', url: 'https://github.com/dschnare/mighty-mail' },
29 silly publish   keywords:
29 silly publish    [ 'email',
29 silly publish      'reactjs',
29 silly publish      'components',
29 silly publish      'html',
29 silly publish      'css',
29 silly publish      'sass',
29 silly publish      'less',
29 silly publish      'responsive' ],
29 silly publish   author: { name: 'Darren Schnare', email: 'schnare.d@gmail.com' },
29 silly publish   license: 'MIT',
29 silly publish   bugs: { url: 'https://github.com/dschnare/mighty-mail/issues' },
29 silly publish   homepage: 'https://github.com/dschnare/mighty-mail',
29 silly publish   main: 'index.js',
29 silly publish   scripts: { test: 'gulp test' },
29 silly publish   devDependencies:
29 silly publish    { glob: '^5.0.5',
29 silly publish      gulp: '^3.8.11',
29 silly publish      'gulp-eslint': '^0.9.0',
29 silly publish      'gulp-react': '^3.0.1',
29 silly publish      html: '0.0.10',
29 silly publish      'mkdir-p': '0.0.6' },
29 silly publish   dependencies: { react: '^0.13.2', classnames: '^1.2.1' },
29 silly publish   gitHead: '62258d214198b0f68a85c6de81a5e1613c5ad2ac',
29 silly publish   readme: 'ERROR: No README data found!',
29 silly publish   _id: 'mighty-mail@0.3.1',
29 silly publish   _shasum: '1d41d32f6f2af28414758ffba6d9dbc5dd0ab11a',
29 silly publish   _from: '.' }
30 verbose request where is /mighty-mail
31 verbose request registry https://registry.npmjs.org/
32 verbose request id fe60f8ff213bf44b
33 verbose url raw /mighty-mail
34 verbose url resolving [ 'https://registry.npmjs.org/', './mighty-mail' ]
35 verbose url resolved https://registry.npmjs.org/mighty-mail
36 verbose request where is https://registry.npmjs.org/mighty-mail
37 info trying registry request attempt 1 at 15:58:32
38 http PUT https://registry.npmjs.org/mighty-mail
39 http 403 https://registry.npmjs.org/mighty-mail
40 verbose headers { 'content-type': 'application/json',
40 verbose headers   'cache-control': 'max-age=60',
40 verbose headers   'content-length': '95',
40 verbose headers   'accept-ranges': 'bytes',
40 verbose headers   date: 'Thu, 07 May 2015 19:58:33 GMT',
40 verbose headers   via: '1.1 varnish',
40 verbose headers   connection: 'keep-alive',
40 verbose headers   'x-served-by': 'cache-jfk1035-JFK',
40 verbose headers   'x-cache': 'MISS',
40 verbose headers   'x-cache-hits': '0',
40 verbose headers   'x-timer': 'S1431028712.948261,VS0,VE374' }
41 error publish Failed PUT 403
42 error Error: "You cannot publish over the previously published version 0.3.1." : mighty-mail
42 error     at RegClient.<anonymous> (C:\Program Files\nodejs\node_modules\npm\node_modules\npm-registry-client\lib\request.js:308:14)
42 error     at Request._callback (C:\Program Files\nodejs\node_modules\npm\node_modules\npm-registry-client\lib\request.js:246:65)
42 error     at Request.self.callback (C:\Program Files\nodejs\node_modules\npm\node_modules\request\request.js:236:22)
42 error     at Request.emit (events.js:98:17)
42 error     at Request.<anonymous> (C:\Program Files\nodejs\node_modules\npm\node_modules\request\request.js:1142:14)
42 error     at Request.emit (events.js:117:20)
42 error     at IncomingMessage.<anonymous> (C:\Program Files\nodejs\node_modules\npm\node_modules\request\request.js:1096:12)
42 error     at IncomingMessage.emit (events.js:117:20)
42 error     at _stream_readable.js:944:16
42 error     at process._tickCallback (node.js:442:13)
43 error If you need help, you may report this *entire* log,
43 error including the npm and node versions, at:
43 error     <http://github.com/npm/npm/issues>
44 error System Windows_NT 6.2.9200
45 error command "C:\\Program Files\\nodejs\\\\node.exe" "C:\\Program Files\\nodejs\\node_modules\\npm\\bin\\npm-cli.js" "publish"
46 error cwd C:\web\htdocs\darren\mighty-mail
47 error node -v v0.10.36
48 error npm -v 1.4.28
49 verbose exit [ 1, true ]
